{
  "stats": {
    "suites": 1,
    "tests": 5,
    "passes": 5,
    "pending": 0,
    "failures": 0,
    "start": "2018-11-29T17:15:07.993Z",
    "end": "2018-11-29T17:15:08.689Z",
    "duration": 696,
    "testsRegistered": 5,
    "passPercent": 100,
    "pendingPercent": 0,
    "other": 0,
    "hasOther": false,
    "skipped": 0,
    "hasSkipped": false,
    "passPercentClass": "success",
    "pendingPercentClass": "danger"
  },
  "suites": {
    "uuid": "75b3c706-1dda-458b-92c1-73ccb08e3385",
    "title": "",
    "fullFile": "",
    "file": "",
    "beforeHooks": [],
    "afterHooks": [],
    "tests": [],
    "suites": [
      {
        "uuid": "5641ccd6-36a1-410d-84df-8dea2646c25e",
        "title": "YII后台接口",
        "fullFile": "/opt/lampp/htdocs/nodejs/service/router.spec.js",
        "file": "/service/router.spec.js",
        "beforeHooks": [],
        "afterHooks": [],
        "tests": [
          {
            "title": "index 接口-所有数据",
            "fullTitle": "YII后台接口 index 接口-所有数据",
            "timedOut": false,
            "duration": 299,
            "state": "passed",
            "speed": "slow",
            "pass": true,
            "fail": false,
            "pending": false,
            "code": "request.get('index')\n.expect(200,done)\n.end(function(err, res) {\n  if (err) return done(err);\n  done();\n});",
            "err": {},
            "isRoot": false,
            "uuid": "0b94c3cd-d1ec-472d-973a-980346c006c7",
            "isHook": false,
            "skipped": false
          },
          {
            "title": "createjson 接口-创建操作",
            "fullTitle": "YII后台接口 createjson 接口-创建操作",
            "timedOut": false,
            "duration": 88,
            "state": "passed",
            "speed": "slow",
            "pass": true,
            "fail": false,
            "pending": false,
            "code": "//请求页面地址\nrequest.post('createjson')\n  .send(`book%5Bbook_name%5D=${data.book_name}&book%5Bauthor%5D=${data.author}&book%5Bbook_img%5D=${data.book_img}`) //发送数据,可以是对象方式\n  .set('Accept', 'text/html,application/xhtml+xml,application/xml;q=0.9,image/webp,image/apng,*/*;q=0.8')\n  .set('Content-Type', 'application/x-www-form-urlencoded') // 设置请求报头\n  // .expect('Content-Type', /json/) // 判断响应头字段\n  .expect(200, done) // 断言判断如果返回状态码是200 \n  .end(function(err, res) { // 结束测试用例\n    if (err) return done(err); //如果有错误返回错误,否则正常done\n    done();\n  });",
            "err": {},
            "isRoot": false,
            "uuid": "10642994-a2ac-41d5-8ab1-f6f26af95f8d",
            "isHook": false,
            "skipped": false
          },
          {
            "title": "updatejson 接口-更新操作",
            "fullTitle": "YII后台接口 updatejson 接口-更新操作",
            "timedOut": false,
            "duration": 120,
            "state": "passed",
            "speed": "slow",
            "pass": true,
            "fail": false,
            "pending": false,
            "code": "let newData = {\n  book_name: '测试书籍'+Math.floor(Math.random()*10),\n  author: '左右2',\n  book_img: 'http://www.baiddu.com/2.jpg'\n};\n//请求页面地址\nrequest.post('updatejson&id=11')\n  .send(`book%5Bbook_name%5D=${newData.book_name}&book%5Bauthor%5D=${newData.author}&book%5Bbook_img%5D=${newData.book_img}`) //发送数据,可以是对象方式\n  .set('Accept', 'text/html,application/xhtml+xml,application/xml;q=0.9,image/webp,image/apng,*/*;q=0.8')\n  .set('Content-Type', 'application/x-www-form-urlencoded') // 设置请求报头\n  // .expect('Content-Type', /json/) // 判断响应头字段\n  .expect(200,done) // 断言判断如果返回状态码是200 \n  .end(function(err, res) { // 结束测试用例\n    if (err) return done(err); //如果有错误返回错误,否则正常done\n    done();\n  });",
            "err": {},
            "isRoot": false,
            "uuid": "9f4bdf45-0bff-4153-9bdc-53df5bab42e8",
            "isHook": false,
            "skipped": false
          },
          {
            "title": "view 接口-查看单个数据",
            "fullTitle": "YII后台接口 view 接口-查看单个数据",
            "timedOut": false,
            "duration": 56,
            "state": "passed",
            "speed": "medium",
            "pass": true,
            "fail": false,
            "pending": false,
            "code": "request.get('viewjson&id=11')\n.set('Content-Type', 'application/json; charset=UTF-8') // 判断响应头字段\n.expect(200)\n.end(function(err, res) {\n  if (err) return done(err);\n  done();\n});",
            "err": {},
            "isRoot": false,
            "uuid": "2474cdd2-4d32-47f4-9e7c-450c476e9380",
            "isHook": false,
            "skipped": false
          },
          {
            "title": "delete 接口-删除数据",
            "fullTitle": "YII后台接口 delete 接口-删除数据",
            "timedOut": false,
            "duration": 120,
            "state": "passed",
            "speed": "slow",
            "pass": true,
            "fail": false,
            "pending": false,
            "code": "request.get(`deletejson&id=${deleteId}`)\n.set('Content-Type', 'application/json; charset=UTF-8') // 判断响应头字段\n.expect(200)\n.end(function(err, res) {\n  if (err) return done(err);\n  deleteId += deleteId;\n  done();\n});",
            "err": {},
            "isRoot": false,
            "uuid": "707e0028-9bbc-48b8-9b1f-bd73e60bd16f",
            "isHook": false,
            "skipped": false
          }
        ],
        "suites": [],
        "passes": [
          "0b94c3cd-d1ec-472d-973a-980346c006c7",
          "10642994-a2ac-41d5-8ab1-f6f26af95f8d",
          "9f4bdf45-0bff-4153-9bdc-53df5bab42e8",
          "2474cdd2-4d32-47f4-9e7c-450c476e9380",
          "707e0028-9bbc-48b8-9b1f-bd73e60bd16f"
        ],
        "failures": [],
        "pending": [],
        "skipped": [],
        "duration": 683,
        "root": false,
        "rootEmpty": false,
        "_timeout": 2000
      }
    ],
    "passes": [],
    "failures": [],
    "pending": [],
    "skipped": [],
    "duration": 0,
    "root": true,
    "rootEmpty": true,
    "_timeout": 2000
  },
  "copyrightYear": 2018
}