{
  "stats": {
    "suites": 2,
    "tests": 5,
    "passes": 5,
    "pending": 0,
    "failures": 0,
    "start": "2018-12-21T17:03:14.122Z",
    "end": "2018-12-21T17:03:15.972Z",
    "duration": 1850,
    "testsRegistered": 5,
    "passPercent": 100,
    "pendingPercent": 0,
    "other": 0,
    "hasOther": false,
    "skipped": 0,
    "hasSkipped": false,
    "passPercentClass": "success",
    "pendingPercentClass": "danger"
  },
  "suites": {
    "uuid": "87b41f91-5b1f-4dde-b262-2683af757aa6",
    "title": "",
    "fullFile": "",
    "file": "",
    "beforeHooks": [],
    "afterHooks": [],
    "tests": [],
    "suites": [
      {
        "uuid": "40cd2351-7fb2-433a-a4ec-d0b9a36167ca",
        "title": "YII后台接口",
        "fullFile": "D:\\myphp_www\\PHPTutorial\\WWW\\nodejs\\dist\\service\\router.spec.js",
        "file": "\\dist\\service\\router.spec.js",
        "beforeHooks": [],
        "afterHooks": [],
        "tests": [
          {
            "title": "index 接口-所有数据",
            "fullTitle": "YII后台接口 index 接口-所有数据",
            "timedOut": false,
            "duration": 215,
            "state": "passed",
            "speed": "slow",
            "pass": true,
            "fail": false,
            "pending": false,
            "code": "request.get('/').expect(200).end(function (err, res) {\n  if (err) return done(err);\n  done();\n});",
            "err": {},
            "isRoot": false,
            "uuid": "45f6f898-269f-4c11-a040-7adc708040ce",
            "isHook": false,
            "skipped": false
          },
          {
            "title": "createjson 接口-创建操作",
            "fullTitle": "YII后台接口 createjson 接口-创建操作",
            "timedOut": false,
            "duration": 1160,
            "state": "passed",
            "speed": "slow",
            "pass": true,
            "fail": false,
            "pending": false,
            "code": "//请求页面地址\nrequest.post('/create').send({\n  \"book_name\": '测试书籍',\n  \"author\": '左右',\n  \"book_img\": 'http://www.baiddu.com/1.jpg'\n}) //发送数据,可以是对象方式\n.set('Content-Type', 'application/json;charset=utf-8')\n// .expect('Content-Type', /json/) // 判断响应头字段\n.expect(200) // 断言判断如果返回状态码是200\n.end(function (err, res) {\n  // 结束测试用例\n  if (err) return done(err); //如果有错误返回错误,否则正常done\n  done();\n});",
            "err": {},
            "isRoot": false,
            "uuid": "761d86c5-4558-42bf-b8cd-20d133e06655",
            "isHook": false,
            "skipped": false
          },
          {
            "title": "updatejson 接口-更新操作",
            "fullTitle": "YII后台接口 updatejson 接口-更新操作",
            "timedOut": false,
            "duration": 277,
            "state": "passed",
            "speed": "slow",
            "pass": true,
            "fail": false,
            "pending": false,
            "code": "let newData = {\n  id: '11',\n  book_name: '测试书籍' + Math.floor(Math.random() * 10),\n  author: '左右2',\n  book_img: 'http://www.baiddu.com/2.jpg'\n};\n//请求页面地址\nrequest.post('/update').send(newData) //发送数据,可以是对象方式\n.set('Content-Type', 'application/json;charset=utf-8') // 设置请求报头\n// .expect('Content-Type', /json/) // 判断响应头字段\n.expect(200) // 断言判断如果返回状态码是200\n.end(function (err, res) {\n  // 结束测试用例\n  if (err) return done(err); //如果有错误返回错误,否则正常done\n  done();\n});",
            "err": {},
            "isRoot": false,
            "uuid": "89b8df34-11f2-47b4-bb1a-2c89bfb94e8c",
            "isHook": false,
            "skipped": false
          },
          {
            "title": "view 接口-查看单个数据",
            "fullTitle": "YII后台接口 view 接口-查看单个数据",
            "timedOut": false,
            "duration": 179,
            "state": "passed",
            "speed": "slow",
            "pass": true,
            "fail": false,
            "pending": false,
            "code": "request.get('/view/11').set('Content-Type', 'application/json; charset=UTF-8') // 判断响应头字段\n.expect(200).end(function (err, res) {\n  if (err) return done(err);\n  done();\n});",
            "err": {},
            "isRoot": false,
            "uuid": "362cc956-ac28-4ba7-8992-5685f690d034",
            "isHook": false,
            "skipped": false
          }
        ],
        "suites": [],
        "passes": [
          "45f6f898-269f-4c11-a040-7adc708040ce",
          "761d86c5-4558-42bf-b8cd-20d133e06655",
          "89b8df34-11f2-47b4-bb1a-2c89bfb94e8c",
          "362cc956-ac28-4ba7-8992-5685f690d034"
        ],
        "failures": [],
        "pending": [],
        "skipped": [],
        "duration": 1831,
        "root": false,
        "rootEmpty": false,
        "_timeout": 2000
      },
      {
        "uuid": "02d59284-4c05-4b7e-8b9c-0ad9668c0b1d",
        "title": "html页面测试",
        "fullFile": "D:\\myphp_www\\PHPTutorial\\WWW\\nodejs\\dist\\service\\html.spec.js",
        "file": "\\dist\\service\\html.spec.js",
        "beforeHooks": [],
        "afterHooks": [],
        "tests": [
          {
            "title": "index－>create",
            "fullTitle": "html页面测试 index－>create",
            "timedOut": false,
            "duration": 1,
            "state": "passed",
            "speed": "fast",
            "pass": true,
            "fail": false,
            "pending": false,
            "code": "rize.goto(`${host}`) // 输入网址跳转\n// .assertSee('书籍名称') // 断言是否有指定内容\n.clickLink('入库新书') // 点击指定按钮（内容）\n.waitForNavigation() // 等待跳转,因为是搜索会跳到结果页面\n.findAll('button', 1, rize.assertClassHas, 'create_btn') // css选择器[button所有的选中第一个]，断言是否有指定class\n.type('input#book_name', 'size测试书籍') // 查找指定input在输入内容\n.type('input#author', 'size作者').type('input#book_img', 'www.j.com/1.jpg').assertTitle('z图书管理系统') // 断言标题\n.assertSee('size测试书籍') // 断言是否有指定内容\n.end();",
            "err": {},
            "isRoot": false,
            "uuid": "1e039c6a-d388-4594-b6d8-027940e8f77a",
            "isHook": false,
            "skipped": false
          }
        ],
        "suites": [],
        "passes": [
          "1e039c6a-d388-4594-b6d8-027940e8f77a"
        ],
        "failures": [],
        "pending": [],
        "skipped": [],
        "duration": 1,
        "root": false,
        "rootEmpty": false,
        "_timeout": 2000
      }
    ],
    "passes": [],
    "failures": [],
    "pending": [],
    "skipped": [],
    "duration": 0,
    "root": true,
    "rootEmpty": true,
    "_timeout": 2000
  },
  "copyrightYear": 2018
}